{"name": "test_needsfiles", "status": "failed", "statusDetails": {"message": "AssertionError: assert 0", "trace": "tmp_path = PosixPath('/tmp/pytest-of-root/pytest-4/test_needsfiles0')\n\n    def test_needsfiles(tmp_path):\n        print(tmp_path)\n>       assert 0\nE       assert 0\n\ntest_tmp_path.py:6: AssertionError"}, "attachments": [{"name": "stdout", "source": "26be36d5-7dd6-4df7-bf2a-88d4d0e1f61c-attachment.txt", "type": "text/plain"}], "start": 1658814556698, "stop": 1658814556699, "uuid": "6a0eedad-e187-416e-9d83-a6e390d58368", "historyId": "345a594df22b23061c65010797205151", "testCaseId": "c0822d102a42211ff8f718c518538c44", "fullName": "test_tmp_path#test_needsfiles", "labels": [{"name": "suite", "value": "test_tmp_path"}, {"name": "host", "value": "k1"}, {"name": "thread", "value": "6313-MainThread"}, {"name": "framework", "value": "pytest"}, {"name": "language", "value": "cpython3"}, {"name": "package", "value": "test_tmp_path"}]}